<?xml version="1.0" encoding="UTF-8"?>
<!-- Generated by org.testng.reporters.JUnitReportReporter -->
<testsuite hostname="LAPTOP-27POKKQI" failures="0" tests="11" name="ExpediaTest.NewTest" time="58.354" errors="0" timestamp="2022-01-07T20:58:00 MST" skipped="0">
  <testcase classname="ExpediaTest.NewTest" name="Flights" time="0.105"/>
  <system-out/>
  <testcase classname="ExpediaTest.NewTest" name="StartPlace" time="11.412"/>
  <system-out/>
  <testcase classname="ExpediaTest.NewTest" name="EndPlace" time="6.530"/>
  <system-out/>
  <testcase classname="ExpediaTest.NewTest" name="Departing" time="3.221"/>
  <system-out/>
  <testcase classname="ExpediaTest.NewTest" name="GoingDate" time="5.232"/>
  <system-out/>
  <testcase classname="ExpediaTest.NewTest" name="Donebutton" time="5.087"/>
  <system-out/>
  <testcase classname="ExpediaTest.NewTest" name="Returning" time="5.259"/>
  <system-out/>
  <testcase classname="ExpediaTest.NewTest" name="ComimgBackDate" time="5.214"/>
  <system-out/>
  <testcase classname="ExpediaTest.NewTest" name="Donebutton2" time="5.080"/>
  <system-out/>
  <testcase classname="ExpediaTest.NewTest" name="SearchButton" time="5.997"/>
  <system-out/>
  <testcase classname="ExpediaTest.NewTest" name="RoundTrip" time="5.217"/>
  <system-out/>
</testsuite> <!-- ExpediaTest.NewTest -->
