<?xml version="1.0" encoding="UTF-8"?>
<!-- Generated by org.testng.reporters.JUnitReportReporter -->
<testsuite hostname="LAPTOP-27POKKQI" failures="0" tests="10" name="ExpediaTest.Expediatest" time="53.569" errors="0" timestamp="2022-01-09T20:20:14 MST" skipped="0">
  <testcase classname="ExpediaTest.Expediatest" name="Flights" time="0.155"/>
  <system-out/>
  <testcase classname="ExpediaTest.Expediatest" name="StartPlace" time="11.556"/>
  <system-out/>
  <testcase classname="ExpediaTest.Expediatest" name="EndPlace" time="6.553"/>
  <system-out/>
  <testcase classname="ExpediaTest.Expediatest" name="Departing" time="3.258"/>
  <system-out/>
  <testcase classname="ExpediaTest.Expediatest" name="GoingDate" time="5.249"/>
  <system-out/>
  <testcase classname="ExpediaTest.Expediatest" name="Donebutton" time="5.106"/>
  <system-out/>
  <testcase classname="ExpediaTest.Expediatest" name="Returning" time="5.280"/>
  <system-out/>
  <testcase classname="ExpediaTest.Expediatest" name="ComimgBackDate" time="5.251"/>
  <system-out/>
  <testcase classname="ExpediaTest.Expediatest" name="Donebutton2" time="5.124"/>
  <system-out/>
  <testcase classname="ExpediaTest.Expediatest" name="SearchButton" time="6.037"/>
  <system-out/>
</testsuite> <!-- ExpediaTest.Expediatest -->
