<?xml version="1.0" encoding="UTF-8"?>
<!-- Generated by org.testng.reporters.JUnitReportReporter -->
<testsuite hostname="LAPTOP-27POKKQI" failures="0" tests="1" name="BootCom.Resonces2.dt" time="54.670" errors="0" timestamp="2022-01-02T21:33:17 MST" skipped="0">
  <testcase classname="BootCom.Resonces2.dt" name="f" time="54.670"/>
  <system-out/>
</testsuite> <!-- BootCom.Resonces2.dt -->
